 > TOTAL TIME   = 18.297000 s

-------------------------------------------------------------------------------
| FILE                 : FUNCTION              : LINE  : TIME   : %     : #   |
-------------------------------------------------------------------------------
| ?                    : Anon                  :  190  : 0.1790 : 1.0   : 1881|
| ?                    : cloneArray            :  182  : 0.0430 : 0.2   : 1377|
| ?                    : hasEventListener      :  162  : 0.0400 : 0.2   : 1892|
| ?                    : ?                     :  508  : 0.0300 : 0.2   : 514 |
| ?                    : ?                     :  179  : 0.0230 : 0.1   : 1164|
| ...CS263\lua-corona-p: _listener             :  222  : 0.0090 : 0.0   :  18 |
| ...CS263\lua-corona-p: new                   :  147  : 0.0050 : 0.0   :  18 |
| ?                    : _transition           :   49  : 0.0040 : 0.0   : 544 |
| ?                    : Anon                  :  145  : 0.0030 : 0.0   : 405 |
| ?                    : _updateNextTime       :  123  : 0.0030 : 0.0   :  41 |
| ?                    : _remove               :  158  : 0.0030 : 0.0   :  20 |
| ?                    : _insert               :  137  : 0.0020 : 0.0   :  21 |
| ?                    : didRemoveListener     :  337  : 0.0010 : 0.0   :  18 |
| ?                    : respondsToEvent       :  231  : 0.0010 : 0.0   :  40 |
| ?                    : removeEventListener   :  128  : 0.0010 : 0.0   :  18 |
| ?                    : getOrCreateTable      :   75  : 0.0010 : 0.0   :  22 |
| ...CS263\lua-corona-p: ?                     :   97  : 0.0010 : 0.0   :  36 |
| ?                    : addEventListener      :  268  : 0.0010 : 0.0   :  22 |
| ?                    : addEventListener      :  315  : 0.0010 : 0.0   :  20 |
| ?                    : addEventListener      :  110  : 0.0010 : 0.0   :  22 |
-------------------------------------------------------------------------------
| ...CS263\lua-corona-p: ?                     :  260  : ~      : ~     :  26 |
| ?                    : ?                     :   68  : ~      : ~     :   6 |
| ?                    : to                    :  180  : ~      : ~     :   3 |
| ?                    : remove                :  518  : ~      : ~     :   4 |
| ...CS263\lua-corona-p: new                   :  123  : ~      : ~     :   1 |
| ?                    : cancel                :   45  : ~      : ~     :   1 |
| ...CS263\lua-corona-p: Anon                  :  141  : ~      : ~     :   1 |
| ...CS263\lua-corona-p: _listener             :  245  : ~      : ~     :   2 |
| ...CS263\lua-corona-p: ?                     :  136  : ~      : ~     :   1 |
| ?                    : callListener          :  375  : ~      : ~     :   3 |
| ?                    : _initTween            :   98  : ~      : ~     :   3 |
| ?                    : verifyListener        :  362  : ~      : ~     :  18 |
| ...CS263\lua-corona-p: Anon                  :  253  : ~      : ~     :   2 |
| ?                    : _addTween             :  130  : ~      : ~     :   3 |
| ?                    : removeEventListener   :  345  : ~      : ~     :  18 |
| ?                    : require               :  820  : ~      : ~     :   1 |
| ?                    : getInfo               : 1152  : ~      : ~     :   1 |
| ?                    : removeEventListener   :  283  : ~      : ~     :  18 |
| ...3\lua-corona-play\: stop                  :  152  : ~      : ~     :   1 |
| ?                    : ?                     :  154  : ~      : ~     :   1 |
| ...CS263\lua-corona-p: new                   :   77  : ~      : ~     :   1 |
| ?                    : performWithDelay      :   13  : ~      : ~     :   3 |
| ?                    : Anon                  :  214  : ~      : ~     :   1 |
| ?                    : addEventListener      :  410  : ~      : ~     :   2 |
| ?                    : ?                     :   19  : ~      : ~     :  44 |
-------------------------------------------------------------------------------
