 > TOTAL TIME   = 28.045000 s

-------------------------------------------------------------------------------
| FILE                 : FUNCTION              : LINE  : TIME   : %     : #   |
-------------------------------------------------------------------------------
| ?                    : Anon                  :  190  : 0.3760 : 1.3   : 2812|
| ?                    : ?                     :  179  : 0.1020 : 0.4   : 1789|
| ...ems_CS263\lua-coro: _listener             :  180  : 0.0860 : 0.3   :  54 |
| ?                    : cloneArray            :  182  : 0.0780 : 0.3   : 2103|
| ?                    : hasEventListener      :  162  : 0.0540 : 0.2   : 2618|
| ?                    : ?                     :  508  : 0.0390 : 0.1   : 514 |
| ?                    : Anon                  :  145  : 0.0350 : 0.1   : 2448|
| ...ems_CS263\lua-coro: createAsteroid        :   94  : 0.0120 : 0.0   :  54 |
| ...ems_CS263\lua-coro: ?                     :  224  : 0.0090 : 0.0   : 205 |
| ?                    : _updateNextTime       :  123  : 0.0060 : 0.0   : 113 |
| ?                    : _insert               :  137  : 0.0050 : 0.0   :  57 |
| ?                    : addEventListener      :  268  : 0.0040 : 0.0   :  56 |
| ?                    : _remove               :  158  : 0.0040 : 0.0   :  56 |
| ?                    : addEventListener      :  110  : 0.0030 : 0.0   :  56 |
| ?                    : addEventListener      :  315  : 0.0030 : 0.0   :  54 |
| ?                    : getOrCreateTable      :   75  : 0.0020 : 0.0   :  56 |
| ?                    : removeEventListener   :  128  : 0.0020 : 0.0   :  52 |
| ?                    : didRemoveListener     :  337  : 0.0020 : 0.0   :  52 |
| ?                    : _transition           :   49  : 0.0010 : 0.0   : 512 |
| ?                    : ?                     :   19  : 0.0010 : 0.0   : 112 |
| ?                    : addEventListener      :  410  : 0.0010 : 0.0   :   2 |
| ?                    : remove                :  518  : 0.0010 : 0.0   :  24 |
-------------------------------------------------------------------------------
| ...ems_CS263\lua-coro: ?                     :  155  : ~      : ~     :  26 |
| ?                    : _addTween             :  130  : ~      : ~     :   2 |
| ?                    : callListener          :  375  : ~      : ~     :   2 |
| ...ems_CS263\lua-coro: Anon                  :  215  : ~      : ~     :   2 |
| ?                    : ?                     :   68  : ~      : ~     :   4 |
| ?                    : verifyListener        :  362  : ~      : ~     :  12 |
| ?                    : _initTween            :   98  : ~      : ~     :   2 |
| ...ems_CS263\lua-coro: _listener             :  206  : ~      : ~     :   2 |
| ?                    : to                    :  180  : ~      : ~     :   2 |
| ?                    : removeEventListener   :  345  : ~      : ~     :  52 |
| ?                    : getInfo               : 1152  : ~      : ~     :   1 |
| ?                    : require               :  820  : ~      : ~     :   1 |
| ?                    : removeEventListener   :  283  : ~      : ~     :  52 |
| ...CS263\lua-corona-p: stop                  :  152  : ~      : ~     :   1 |
| ?                    : ?                     :  154  : ~      : ~     :   1 |
| ?                    : performWithDelay      :   13  : ~      : ~     :   3 |
| ?                    : respondsToEvent       :  231  : ~      : ~     : 108 |
-------------------------------------------------------------------------------
